<?xml version="1.0" encoding="UTF-8"?>
<!-- Generated by org.testng.reporters.JUnitReportReporter -->
<testsuite hostname="lenovo" name="pom.Demo" tests="1" failures="0" timestamp="25 Jan 2019 17:40:26 GMT" time="20.083" errors="0">
  <testcase name="homepage" time="20.083" classname="pom.Demo"/>
</testsuite> <!-- pom.Demo -->
