<?xml version="1.0" encoding="UTF-8"?>
<!-- Generated by org.testng.reporters.JUnitReportReporter -->
<testsuite hostname="lenovo" name="Ohrm.Login" tests="1" failures="0" timestamp="2 Feb 2019 11:02:16 GMT" time="41.953" errors="0">
  <testcase name="login" time="41.953" classname="Ohrm.Login"/>
</testsuite> <!-- Ohrm.Login -->
