<?xml version="1.0" encoding="UTF-8"?>
<!-- Generated by org.testng.reporters.JUnitReportReporter -->
<testsuite hostname="lenovo" name="orhm.TestScripts" tests="1" failures="0" timestamp="25 Jan 2019 16:49:34 GMT" time="0.814" errors="0">
  <testcase name="login" time="0.814" classname="orhm.TestScripts"/>
</testsuite> <!-- orhm.TestScripts -->
