<?xml version="1.0" encoding="UTF-8"?>
<!-- Generated by org.testng.reporters.JUnitReportReporter -->
<testsuite hostname="lenovo" name="register.Ohrm" tests="1" failures="0" timestamp="25 Jan 2019 10:57:05 GMT" time="5.719" errors="0">
  <testcase name="login" time="5.719" classname="register.Ohrm"/>
</testsuite> <!-- register.Ohrm -->
