<?xml version="1.0" encoding="UTF-8"?>
<!-- Generated by org.testng.reporters.JUnitReportReporter -->
<testsuite skipped="0" hostname="lenovo" name="swetha.sruthi.Hhhhhhhh" tests="1" failures="0" timestamp="01 Feb 2019 09:49:53 GMT" time="5.766" errors="0">
  <testcase name="navigate" time="5.766" classname="swetha.sruthi.Hhhhhhhh"/>
</testsuite> <!-- swetha.sruthi.Hhhhhhhh -->
