<?xml version="1.0" encoding="UTF-8"?>
<!-- Generated by org.testng.reporters.JUnitReportReporter -->
<testsuite skipped="0" hostname="lenovo" name="swetha.sruthi.Ohrm" tests="1" failures="0" timestamp="01 Feb 2019 09:49:53 GMT" time="1.046" errors="0">
  <testcase name="login" time="1.046" classname="swetha.sruthi.Ohrm"/>
</testsuite> <!-- swetha.sruthi.Ohrm -->
