<?xml version="1.0" encoding="UTF-8"?>
<!-- Generated by org.testng.reporters.JUnitReportReporter -->
<testsuite skipped="0" hostname="lenovo" name="Ohrmlogin.mymavenproject.OHRMlogin" tests="1" failures="0" timestamp="01 Feb 2019 09:16:59 GMT" time="1.223" errors="0">
  <testcase name="login" time="1.223" classname="Ohrmlogin.mymavenproject.OHRMlogin"/>
</testsuite> <!-- Ohrmlogin.mymavenproject.OHRMlogin -->
