<?xml version="1.0" encoding="UTF-8"?>
<!-- Generated by org.testng.reporters.JUnitReportReporter -->
<testsuite hostname="lenovo" name="com.autoit.Downloadfile" tests="1" failures="0" timestamp="2 Feb 2019 08:19:56 GMT" time="2.203" errors="0">
  <testcase name="filedownload" time="2.203" classname="com.autoit.Downloadfile"/>
</testsuite> <!-- com.autoit.Downloadfile -->
