<?xml version="1.0" encoding="UTF-8"?>
<!-- Generated by org.testng.reporters.JUnitReportReporter -->
<testsuite hostname="lenovo" name="com.autoit.Uploadimage" tests="2" failures="0" timestamp="2 Feb 2019 08:18:46 GMT" time="6.120" errors="0">
  <testcase name="browser" time="0.456" classname="com.autoit.Uploadimage"/>
  <testcase name="uploadfile" time="5.664" classname="com.autoit.Uploadimage"/>
</testsuite> <!-- com.autoit.Uploadimage -->
